2020-05-08 19:14:26,176 - D:/python/loging_test.py[line:34] - DEBUG: debug
2020-05-08 19:14:26,176 - D:/python/loging_test.py[line:35] - INFO: info
2020-05-08 19:14:26,176 - D:/python/loging_test.py[line:36] - WARNING: 警告
2020-05-08 19:14:26,176 - D:/python/loging_test.py[line:37] - ERROR: 报错
2020-05-08 19:14:26,177 - D:/python/loging_test.py[line:38] - CRITICAL: 严重
2020-05-08 19:15:15,191 - D:/python/loging_test.py[line:35] - INFO: info
2020-05-08 19:15:15,191 - D:/python/loging_test.py[line:36] - WARNING: 警告
2020-05-08 19:15:15,191 - D:/python/loging_test.py[line:37] - ERROR: 报错
2020-05-08 19:15:15,191 - D:/python/loging_test.py[line:38] - CRITICAL: 严重
2020-05-08 19:16:20,397 - D:/python/loging_test.py[line:34] - DEBUG: debug+
2020-05-08 19:16:20,397 - D:/python/loging_test.py[line:35] - INFO: ['qwertyyu']
2020-05-08 19:16:20,397 - D:/python/loging_test.py[line:36] - WARNING: 警告
2020-05-08 19:16:20,397 - D:/python/loging_test.py[line:37] - ERROR: 报错
2020-05-08 19:16:20,397 - D:/python/loging_test.py[line:38] - CRITICAL: 严重
2020-05-08 19:26:55,750 - D:/python/loging_test.py[line:34] - DEBUG: debug+
2020-05-08 19:26:55,750 - D:/python/loging_test.py[line:35] - INFO: ['qwertyyu']
2020-05-08 19:26:55,751 - D:/python/loging_test.py[line:36] - WARNING: 警告
2020-05-08 19:26:55,751 - D:/python/loging_test.py[line:37] - ERROR: 报错
2020-05-08 19:26:55,751 - D:/python/loging_test.py[line:38] - CRITICAL: 严重
2020-05-08 19:27:36,614 - D:/python/loging_test.py[line:34] - DEBUG: debug+
2020-05-08 19:27:36,614 - D:/python/loging_test.py[line:35] - INFO: ['qwertyyu']
2020-05-08 19:27:36,614 - D:/python/loging_test.py[line:36] - WARNING: 警告
2020-05-08 19:27:36,614 - D:/python/loging_test.py[line:37] - ERROR: 报错
2020-05-08 19:27:36,614 - D:/python/loging_test.py[line:38] - CRITICAL: 严重
